[debug] [2023-12-26T13:13:17.169Z] ----------------------------------------------------------------------
[debug] [2023-12-26T13:13:17.172Z] Command:       C:\Program Files\nodejs\node.exe C:\Users\Test\AppData\Roaming\npm\node_modules\firebase-tools\lib\bin\firebase.js init
[debug] [2023-12-26T13:13:17.172Z] CLI Version:   13.0.2
[debug] [2023-12-26T13:13:17.172Z] Platform:      win32
[debug] [2023-12-26T13:13:17.173Z] Node Version:  v18.14.2
[debug] [2023-12-26T13:13:17.174Z] Time:          Tue Dec 26 2023 16:13:17 GMT+0300 (East Africa Time)
[debug] [2023-12-26T13:13:17.174Z] ----------------------------------------------------------------------
[debug] 
[debug] [2023-12-26T13:13:17.182Z] > command requires scopes: ["email","openid","https://www.googleapis.com/auth/cloudplatformprojects.readonly","https://www.googleapis.com/auth/firebase","https://www.googleapis.com/auth/cloud-platform"]
[debug] [2023-12-26T13:13:17.183Z] > authorizing via signed-in user (tony.k.wekesa@gmail.com)
[info] 
     ######## #### ########  ######## ########     ###     ######  ########
     ##        ##  ##     ## ##       ##     ##  ##   ##  ##       ##
     ######    ##  ########  ######   ########  #########  ######  ######
     ##        ##  ##    ##  ##       ##     ## ##     ##       ## ##
     ##       #### ##     ## ######## ########  ##     ##  ######  ########

You're about to initialize a Firebase project in this directory:

  C:\Users\Test\Documents\loaner

[info] 
=== Project Setup
[info] 
[info] First, let's associate this project directory with a Firebase project.
[info] You can create multiple project aliases by running firebase use --add, 
[info] but for now we'll just set up a default project.
[info] 
[info] i  If you want to create a project in a Google Cloud organization or folder, please use "firebase projects:create" instead, and return to this command when you've created the project. 
[debug] [2023-12-26T13:13:53.596Z] >>> [apiv2][query] POST https://cloudresourcemanager.googleapis.com/v1/projects [none]
[debug] [2023-12-26T13:13:53.596Z] >>> [apiv2][body] POST https://cloudresourcemanager.googleapis.com/v1/projects {"projectId":"loaner","name":"loaner"}
[debug] [2023-12-26T13:13:55.756Z] <<< [apiv2][status] POST https://cloudresourcemanager.googleapis.com/v1/projects 409
[debug] [2023-12-26T13:13:55.756Z] <<< [apiv2][body] POST https://cloudresourcemanager.googleapis.com/v1/projects {"error":{"code":409,"message":"Requested entity already exists","status":"ALREADY_EXISTS"}}
[debug] [2023-12-26T13:13:56.257Z] FirebaseError: HTTP Error: 409, Requested entity already exists
    at responseToError (C:\Users\Test\AppData\Roaming\npm\node_modules\firebase-tools\lib\responseToError.js:49:12)
    at RetryOperation._fn (C:\Users\Test\AppData\Roaming\npm\node_modules\firebase-tools\lib\apiv2.js:292:77)
    at process.processTicksAndRejections (node:internal/process/task_queues:95:5)
[error] 
[error] Error: Failed to create project because there is already a project with ID loaner. Please try again with a unique project ID.
[debug] [2023-12-26T13:14:08.569Z] ----------------------------------------------------------------------
[debug] [2023-12-26T13:14:08.572Z] Command:       C:\Program Files\nodejs\node.exe C:\Users\Test\AppData\Roaming\npm\node_modules\firebase-tools\lib\bin\firebase.js init
[debug] [2023-12-26T13:14:08.572Z] CLI Version:   13.0.2
[debug] [2023-12-26T13:14:08.573Z] Platform:      win32
[debug] [2023-12-26T13:14:08.573Z] Node Version:  v18.14.2
[debug] [2023-12-26T13:14:08.574Z] Time:          Tue Dec 26 2023 16:14:08 GMT+0300 (East Africa Time)
[debug] [2023-12-26T13:14:08.574Z] ----------------------------------------------------------------------
[debug] 
[debug] [2023-12-26T13:14:08.582Z] > command requires scopes: ["email","openid","https://www.googleapis.com/auth/cloudplatformprojects.readonly","https://www.googleapis.com/auth/firebase","https://www.googleapis.com/auth/cloud-platform"]
[debug] [2023-12-26T13:14:08.583Z] > authorizing via signed-in user (tony.k.wekesa@gmail.com)
[info] 
     ######## #### ########  ######## ########     ###     ######  ########
     ##        ##  ##     ## ##       ##     ##  ##   ##  ##       ##
     ######    ##  ########  ######   ########  #########  ######  ######
     ##        ##  ##    ##  ##       ##     ## ##     ##       ## ##
     ##       #### ##     ## ######## ########  ##     ##  ######  ########

You're about to initialize a Firebase project in this directory:

  C:\Users\Test\Documents\loaner

[info] 
=== Project Setup
[info] 
[info] First, let's associate this project directory with a Firebase project.
[info] You can create multiple project aliases by running firebase use --add, 
[info] but for now we'll just set up a default project.
[info] 
[info] i  If you want to create a project in a Google Cloud organization or folder, please use "firebase projects:create" instead, and return to this command when you've created the project. 
[debug] [2023-12-26T13:14:47.186Z] >>> [apiv2][query] POST https://cloudresourcemanager.googleapis.com/v1/projects [none]
[debug] [2023-12-26T13:14:47.187Z] >>> [apiv2][body] POST https://cloudresourcemanager.googleapis.com/v1/projects {"projectId":"loanerwex2023","name":"loanerwex2023"}
[debug] [2023-12-26T13:14:49.336Z] <<< [apiv2][status] POST https://cloudresourcemanager.googleapis.com/v1/projects 200
[debug] [2023-12-26T13:14:49.336Z] <<< [apiv2][body] POST https://cloudresourcemanager.googleapis.com/v1/projects {"name":"operations/cp.6127805235030693643"}
[debug] [2023-12-26T13:14:49.340Z] >>> [apiv2][query] GET https://cloudresourcemanager.googleapis.com/v1/operations/cp.6127805235030693643 [none]
[debug] [2023-12-26T13:14:51.261Z] <<< [apiv2][status] GET https://cloudresourcemanager.googleapis.com/v1/operations/cp.6127805235030693643 200
[debug] [2023-12-26T13:14:51.262Z] <<< [apiv2][body] GET https://cloudresourcemanager.googleapis.com/v1/operations/cp.6127805235030693643 {"name":"operations/cp.6127805235030693643"}
[debug] [2023-12-26T13:14:51.778Z] [Project Creation Poller] Retrying task index 0
[debug] [2023-12-26T13:14:51.779Z] >>> [apiv2][query] GET https://cloudresourcemanager.googleapis.com/v1/operations/cp.6127805235030693643 [none]
[debug] [2023-12-26T13:14:55.661Z] <<< [apiv2][status] GET https://cloudresourcemanager.googleapis.com/v1/operations/cp.6127805235030693643 200
[debug] [2023-12-26T13:14:55.662Z] <<< [apiv2][body] GET https://cloudresourcemanager.googleapis.com/v1/operations/cp.6127805235030693643 {"name":"operations/cp.6127805235030693643","metadata":{"@type":"type.googleapis.com/google.cloudresourcemanager.v1.ProjectCreationStatus","gettable":true,"ready":true},"done":true,"response":{"@type":"type.googleapis.com/google.cloudresourcemanager.v1.Project","projectNumber":"250308105825","projectId":"loanerwex2023","lifecycleState":"ACTIVE","name":"loanerwex2023","createTime":"2023-12-26T13:14:50.018Z"}}
[debug] [2023-12-26T13:14:55.669Z] >>> [apiv2][query] POST https://firebase.googleapis.com/v1beta1/projects/loanerwex2023:addFirebase [none]
[debug] [2023-12-26T13:14:59.243Z] <<< [apiv2][status] POST https://firebase.googleapis.com/v1beta1/projects/loanerwex2023:addFirebase 200
[debug] [2023-12-26T13:14:59.244Z] <<< [apiv2][body] POST https://firebase.googleapis.com/v1beta1/projects/loanerwex2023:addFirebase {"name":"operations/workflows/NDMzOTBmNDctZTZkNS00MDJhLThhZjItNmQzMjRlODU2MGI0"}
[debug] [2023-12-26T13:14:59.245Z] >>> [apiv2][query] GET https://firebase.googleapis.com/v1beta1/operations/workflows/NDMzOTBmNDctZTZkNS00MDJhLThhZjItNmQzMjRlODU2MGI0 [none]
[debug] [2023-12-26T13:15:00.575Z] <<< [apiv2][status] GET https://firebase.googleapis.com/v1beta1/operations/workflows/NDMzOTBmNDctZTZkNS00MDJhLThhZjItNmQzMjRlODU2MGI0 200
[debug] [2023-12-26T13:15:00.576Z] <<< [apiv2][body] GET https://firebase.googleapis.com/v1beta1/operations/workflows/NDMzOTBmNDctZTZkNS00MDJhLThhZjItNmQzMjRlODU2MGI0 {"name":"operations/workflows/NDMzOTBmNDctZTZkNS00MDJhLThhZjItNmQzMjRlODU2MGI0"}
[debug] [2023-12-26T13:15:01.090Z] [Add Firebase Poller] Retrying task index 0
[debug] [2023-12-26T13:15:01.092Z] >>> [apiv2][query] GET https://firebase.googleapis.com/v1beta1/operations/workflows/NDMzOTBmNDctZTZkNS00MDJhLThhZjItNmQzMjRlODU2MGI0 [none]
[debug] [2023-12-26T13:15:02.068Z] <<< [apiv2][status] GET https://firebase.googleapis.com/v1beta1/operations/workflows/NDMzOTBmNDctZTZkNS00MDJhLThhZjItNmQzMjRlODU2MGI0 200
[debug] [2023-12-26T13:15:02.068Z] <<< [apiv2][body] GET https://firebase.googleapis.com/v1beta1/operations/workflows/NDMzOTBmNDctZTZkNS00MDJhLThhZjItNmQzMjRlODU2MGI0 {"name":"operations/workflows/NDMzOTBmNDctZTZkNS00MDJhLThhZjItNmQzMjRlODU2MGI0"}
[debug] [2023-12-26T13:15:03.083Z] [Add Firebase Poller] Retrying task index 0
[debug] [2023-12-26T13:15:03.084Z] >>> [apiv2][query] GET https://firebase.googleapis.com/v1beta1/operations/workflows/NDMzOTBmNDctZTZkNS00MDJhLThhZjItNmQzMjRlODU2MGI0 [none]
[debug] [2023-12-26T13:15:04.156Z] <<< [apiv2][status] GET https://firebase.googleapis.com/v1beta1/operations/workflows/NDMzOTBmNDctZTZkNS00MDJhLThhZjItNmQzMjRlODU2MGI0 200
[debug] [2023-12-26T13:15:04.157Z] <<< [apiv2][body] GET https://firebase.googleapis.com/v1beta1/operations/workflows/NDMzOTBmNDctZTZkNS00MDJhLThhZjItNmQzMjRlODU2MGI0 {"name":"operations/workflows/NDMzOTBmNDctZTZkNS00MDJhLThhZjItNmQzMjRlODU2MGI0"}
[debug] [2023-12-26T13:15:06.161Z] [Add Firebase Poller] Retrying task index 0
[debug] [2023-12-26T13:15:06.162Z] >>> [apiv2][query] GET https://firebase.googleapis.com/v1beta1/operations/workflows/NDMzOTBmNDctZTZkNS00MDJhLThhZjItNmQzMjRlODU2MGI0 [none]
[debug] [2023-12-26T13:15:07.437Z] <<< [apiv2][status] GET https://firebase.googleapis.com/v1beta1/operations/workflows/NDMzOTBmNDctZTZkNS00MDJhLThhZjItNmQzMjRlODU2MGI0 200
[debug] [2023-12-26T13:15:07.438Z] <<< [apiv2][body] GET https://firebase.googleapis.com/v1beta1/operations/workflows/NDMzOTBmNDctZTZkNS00MDJhLThhZjItNmQzMjRlODU2MGI0 {"name":"operations/workflows/NDMzOTBmNDctZTZkNS00MDJhLThhZjItNmQzMjRlODU2MGI0"}
[debug] [2023-12-26T13:15:11.449Z] [Add Firebase Poller] Retrying task index 0
[debug] [2023-12-26T13:15:11.451Z] >>> [apiv2][query] GET https://firebase.googleapis.com/v1beta1/operations/workflows/NDMzOTBmNDctZTZkNS00MDJhLThhZjItNmQzMjRlODU2MGI0 [none]
[debug] [2023-12-26T13:15:12.768Z] <<< [apiv2][status] GET https://firebase.googleapis.com/v1beta1/operations/workflows/NDMzOTBmNDctZTZkNS00MDJhLThhZjItNmQzMjRlODU2MGI0 200
[debug] [2023-12-26T13:15:12.769Z] <<< [apiv2][body] GET https://firebase.googleapis.com/v1beta1/operations/workflows/NDMzOTBmNDctZTZkNS00MDJhLThhZjItNmQzMjRlODU2MGI0 {"name":"operations/workflows/NDMzOTBmNDctZTZkNS00MDJhLThhZjItNmQzMjRlODU2MGI0","done":true,"response":{"@type":"type.googleapis.com/google.firebase.service.v1beta1.FirebaseProject","projectId":"loanerwex2023","projectNumber":"250308105825","displayName":"loanerwex2023","name":"projects/loanerwex2023","resources":{"hostingSite":"loanerwex2023"}}}
[info] 
[info] === Your Firebase project is ready! ===
[info] 
[info] Project information:
[info]    - Project ID: loanerwex2023
[info]    - Project Name: loanerwex2023
[info] 
[info] Firebase console is available at
[info] https://console.firebase.google.com/project/loanerwex2023/overview
[info] i  Using project loanerwex2023 (loanerwex2023) 
[info] 
=== Hosting Setup
[debug] [2023-12-26T13:15:12.816Z] >>> [apiv2][query] GET https://firebase.googleapis.com/v1beta1/projects/loanerwex2023 [none]
[debug] [2023-12-26T13:15:14.194Z] <<< [apiv2][status] GET https://firebase.googleapis.com/v1beta1/projects/loanerwex2023 200
[debug] [2023-12-26T13:15:14.195Z] <<< [apiv2][body] GET https://firebase.googleapis.com/v1beta1/projects/loanerwex2023 {"projectId":"loanerwex2023","projectNumber":"250308105825","displayName":"loanerwex2023","name":"projects/loanerwex2023","resources":{"hostingSite":"loanerwex2023"},"state":"ACTIVE","etag":"1_6f7c1161-20b1-4f6b-8db9-a80d0626eaec"}
[info] 
[info] Your public directory is the folder (relative to your project directory) that
[info] will contain Hosting assets to be uploaded with firebase deploy. If you
[info] have a build process for your assets, use your build's output directory.
[info] 
[debug] [2023-12-26T13:16:13.239Z] >>> [apiv2][query] GET https://www.gstatic.com/firebasejs/releases.json [none]
[debug] [2023-12-26T13:16:13.892Z] <<< [apiv2][status] GET https://www.gstatic.com/firebasejs/releases.json 200
[debug] [2023-12-26T13:16:13.893Z] <<< [apiv2][body] GET https://www.gstatic.com/firebasejs/releases.json {"current":{"version":"10.7.1","browserURL":"https://www.gstatic.com/firebasejs/10.7.1/firebase.js","packageURL":"https://www.gstatic.com/firebasejs/10.7.1/firebase.tgz"},"live":{"version":"10.7","browserURL":"https://www.gstatic.com/firebasejs/live/10.7/firebase.js","packageURL":"https://www.gstatic.com/firebasejs/live/10.7/firebase.tgz"},"components":{"analytics":"https://www.gstatic.com/firebasejs/10.7.1/firebase-analytics.js","app":"https://www.gstatic.com/firebasejs/10.7.1/firebase-app.js","app-check":"https://www.gstatic.com/firebasejs/10.7.1/firebase-app-check.js","auth":"https://www.gstatic.com/firebasejs/10.7.1/firebase-auth.js","auth/cordova":"https://www.gstatic.com/firebasejs/10.7.1/firebase-auth/cordova.js","functions":"https://www.gstatic.com/firebasejs/10.7.1/firebase-functions.js","firestore":"https://www.gstatic.com/firebasejs/10.7.1/firebase-firestore.js","firestore/lite":"https://www.gstatic.com/firebasejs/10.7.1/firebase-firestore/lite.js","installations":"https://www.gstatic.com/firebasejs/10.7.1/firebase-installations.js","storage":"https://www.gstatic.com/firebasejs/10.7.1/firebase-storage.js","performance":"https://www.gstatic.com/firebasejs/10.7.1/firebase-performance.js","remote-config":"https://www.gstatic.com/firebasejs/10.7.1/firebase-remote-config.js","messaging":"https://www.gstatic.com/firebasejs/10.7.1/firebase-messaging.js","messaging/sw":"https://www.gstatic.com/firebasejs/10.7.1/firebase-messaging/sw.js","database":"https://www.gstatic.com/firebasejs/10.7.1/firebase-database.js","firestore.memory":"https://www.gstatic.com/firebasejs/10.7.1/firebase-firestore.memory.js"}}
[info] i  Skipping write of public/index.html 
[info] 
[info] i  Detected a .git folder at C:\Users\Test\Documents\loaner 
[info] i  Authorizing with GitHub to upload your service account to a GitHub repository's secrets store. 
[info] 
[info] Visit this URL on this device to log in:
[info] https://github.com/login/oauth/authorize?client_id=89cf50f02ac6aaed3484&state=944208419&redirect_uri=http%3A%2F%2Flocalhost%3A9005&scope=read%3Auser%20repo%20public_repo
[info] 
[info] Waiting for authentication...
[debug] [2023-12-26T13:16:46.601Z] >>> [apiv2][query] POST https://github.com/login/oauth/access_token [none]
[debug] [2023-12-26T13:16:46.602Z] >>> [apiv2][body] POST https://github.com/login/oauth/access_token [stream]
[debug] [2023-12-26T13:16:47.307Z] <<< [apiv2][status] POST https://github.com/login/oauth/access_token 200
[debug] [2023-12-26T13:16:47.307Z] <<< [apiv2][body] POST https://github.com/login/oauth/access_token {"access_token":"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","token_type":"bearer","scope":"read:user,repo"}
[debug] [2023-12-26T13:16:47.356Z] >>> [apiv2][query] GET https://api.github.com/user [none]
[debug] [2023-12-26T13:16:48.037Z] <<< [apiv2][status] GET https://api.github.com/user 200
[debug] [2023-12-26T13:16:48.038Z] <<< [apiv2][body] GET https://api.github.com/user {"login":"kaita49","id":135412298,"node_id":"U_kgDOCBI6Sg","avatar_url":"https://avatars.githubusercontent.com/u/135412298?v=4","gravatar_id":"","url":"https://api.github.com/users/kaita49","html_url":"https://github.com/kaita49","followers_url":"https://api.github.com/users/kaita49/followers","following_url":"https://api.github.com/users/kaita49/following{/other_user}","gists_url":"https://api.github.com/users/kaita49/gists{/gist_id}","starred_url":"https://api.github.com/users/kaita49/starred{/owner}{/repo}","subscriptions_url":"https://api.github.com/users/kaita49/subscriptions","organizations_url":"https://api.github.com/users/kaita49/orgs","repos_url":"https://api.github.com/users/kaita49/repos","events_url":"https://api.github.com/users/kaita49/events{/privacy}","received_events_url":"https://api.github.com/users/kaita49/received_events","type":"User","site_admin":false,"name":null,"company":null,"blog":"","location":null,"email":null,"hireable":null,"bio":null,"twitter_username":null,"public_repos":0,"public_gists":0,"followers":1,"following":1,"created_at":"2023-06-03T06:28:59Z","updated_at":"2023-06-03T06:28:59Z","private_gists":0,"total_private_repos":0,"owned_private_repos":0,"disk_usage":0,"collaborators":0,"two_factor_authentication":false,"plan":{"name":"free","space":976562499,"collaborators":0,"private_repos":10000}}
[info] 
[info] +  Success! Logged into GitHub as kaita49 
[info] 
[debug] [2023-12-26T13:16:57.737Z] >>> [apiv2][query] GET https://api.github.com/repos//actions/secrets/public-key type=owner
[debug] [2023-12-26T13:16:58.513Z] <<< [apiv2][status] GET https://api.github.com/repos//actions/secrets/public-key 404
[debug] [2023-12-26T13:16:58.513Z] <<< [apiv2][body] GET https://api.github.com/repos//actions/secrets/public-key {"message":"Not Found","documentation_url":"https://docs.github.com/rest"}
[info] 
[info] 
[error] !  The provided authorization cannot be used with this repository. If this repository is in an organization, did you remember to grant access? 
[info] 
[info] i  Action required: Visit this URL to ensure access has been granted to the appropriate organization(s) for the Firebase CLI GitHub OAuth App: 
[info] https://github.com/settings/connections/applications/89cf50f02ac6aaed3484
[info] 
[debug] [2023-12-26T13:17:01.181Z] >>> [apiv2][query] GET https://api.github.com/repos//actions/secrets/public-key type=owner
[debug] [2023-12-26T13:17:01.792Z] <<< [apiv2][status] GET https://api.github.com/repos//actions/secrets/public-key 404
[debug] [2023-12-26T13:17:01.793Z] <<< [apiv2][body] GET https://api.github.com/repos//actions/secrets/public-key {"message":"Not Found","documentation_url":"https://docs.github.com/rest"}
[info] 
[info] 
[error] !  The provided authorization cannot be used with this repository. If this repository is in an organization, did you remember to grant access? 
[info] 
[info] i  Action required: Visit this URL to ensure access has been granted to the appropriate organization(s) for the Firebase CLI GitHub OAuth App: 
[info] https://github.com/settings/connections/applications/89cf50f02ac6aaed3484
[info] 
[debug] [2023-12-26T13:17:04.511Z] >>> [apiv2][query] GET https://api.github.com/repos//actions/secrets/public-key type=owner
[debug] [2023-12-26T13:17:05.192Z] <<< [apiv2][status] GET https://api.github.com/repos//actions/secrets/public-key 404
[debug] [2023-12-26T13:17:05.193Z] <<< [apiv2][body] GET https://api.github.com/repos//actions/secrets/public-key {"message":"Not Found","documentation_url":"https://docs.github.com/rest"}
[info] 
[info] 
[error] !  The provided authorization cannot be used with this repository. If this repository is in an organization, did you remember to grant access? 
[info] 
[info] i  Action required: Visit this URL to ensure access has been granted to the appropriate organization(s) for the Firebase CLI GitHub OAuth App: 
[info] https://github.com/settings/connections/applications/89cf50f02ac6aaed3484
[info] 
